{"G:\\screep-dungeon\\src\\main.ts": {"path":"G:\\screep-dungeon\\src\\main.ts","statementMap":{"0":{"start":{"line":1,"column":0},"end":{"line":1,"column":48}},"1":{"start":{"line":2,"column":0},"end":{"line":2,"column":40}},"2":{"start":{"line":3,"column":0},"end":{"line":3,"column":43}},"3":{"start":{"line":44,"column":0},"end":{"line":44,"column":18}},"4":{"start":{"line":45,"column":13},"end":{"line":50,"column":3}},"5":{"start":{"line":46,"column":3},"end":{"line":49,"column":7}},"6":{"start":{"line":47,"column":19},"end":{"line":47,"column":38}},"7":{"start":{"line":48,"column":8},"end":{"line":48,"column":25}}},"fnMap":{"0":{"name":"(anonymous_0)","decl":{"start":{"line":45,"column":41},"end":{"line":45,"column":44}},"loc":{"start":{"line":45,"column":46},"end":{"line":50,"column":1}}},"1":{"name":"(anonymous_1)","decl":{"start":{"line":46,"column":17},"end":{"line":46,"column":null}},"loc":{"start":{"line":46,"column":17},"end":{"line":49,"column":5}}}},"branchMap":{},"s":{"0":0,"1":0,"2":0,"3":0,"4":0,"5":0,"6":0,"7":0},"f":{"0":0,"1":0},"b":{}}
,"G:\\screep-dungeon\\src\\DungeonMaster\\index.ts": {"path":"G:\\screep-dungeon\\src\\DungeonMaster\\index.ts","statementMap":{"0":{"start":{"line":1,"column":0},"end":{"line":1,"column":36}},"1":{"start":{"line":8,"column":8},"end":{"line":8,"column":39}},"2":{"start":{"line":9,"column":8},"end":{"line":9,"column":43}},"3":{"start":{"line":13,"column":8},"end":{"line":13,"column":82}},"4":{"start":{"line":14,"column":8},"end":{"line":14,"column":30}},"5":{"start":{"line":3,"column":0},"end":{"line":3,"column":21}}},"fnMap":{"0":{"name":"(anonymous_0)","decl":{"start":{"line":7,"column":4},"end":{"line":7,"column":null}},"loc":{"start":{"line":7,"column":4},"end":{"line":10,"column":5}}},"1":{"name":"(anonymous_1)","decl":{"start":{"line":12,"column":11},"end":{"line":12,"column":22}},"loc":{"start":{"line":12,"column":22},"end":{"line":15,"column":5}}}},"branchMap":{},"s":{"0":1,"1":2,"2":2,"3":0,"4":0,"5":1},"f":{"0":2,"1":0},"b":{}}
,"G:\\screep-dungeon\\src\\MinionMaster\\index.ts": {"path":"G:\\screep-dungeon\\src\\MinionMaster\\index.ts","statementMap":{"0":{"start":{"line":1,"column":0},"end":{"line":1,"column":21}}},"fnMap":{},"branchMap":{},"s":{"0":0},"f":{},"b":{}}
,"G:\\screep-dungeon\\src\\RoomManager\\RoomMemoryManager.ts": {"path":"G:\\screep-dungeon\\src\\RoomManager\\RoomMemoryManager.ts","statementMap":{"0":{"start":{"line":6,"column":4},"end":{"line":6,"column":28}},"1":{"start":{"line":14,"column":8},"end":{"line":14,"column":25}},"2":{"start":{"line":15,"column":8},"end":{"line":17,"column":10}},"3":{"start":{"line":21,"column":29},"end":{"line":21,"column":57}},"4":{"start":{"line":22,"column":8},"end":{"line":24,"column":null}},"5":{"start":{"line":23,"column":12},"end":{"line":23,"column":32}},"6":{"start":{"line":25,"column":31},"end":{"line":25,"column":61}},"7":{"start":{"line":26,"column":8},"end":{"line":26,"column":37}},"8":{"start":{"line":27,"column":8},"end":{"line":27,"column":30}},"9":{"start":{"line":31,"column":8},"end":{"line":31,"column":46}},"10":{"start":{"line":35,"column":8},"end":{"line":35,"column":44}},"11":{"start":{"line":39,"column":8},"end":{"line":39,"column":38}},"12":{"start":{"line":9,"column":0},"end":{"line":9,"column":21}}},"fnMap":{"0":{"name":"isRoomMemory","decl":{"start":{"line":5,"column":9},"end":{"line":5,"column":21}},"loc":{"start":{"line":5,"column":33},"end":{"line":7,"column":1}}},"1":{"name":"(anonymous_1)","decl":{"start":{"line":13,"column":4},"end":{"line":13,"column":16}},"loc":{"start":{"line":13,"column":26},"end":{"line":18,"column":5}}},"2":{"name":"(anonymous_2)","decl":{"start":{"line":20,"column":4},"end":{"line":20,"column":8}},"loc":{"start":{"line":20,"column":14},"end":{"line":28,"column":5}}},"3":{"name":"(anonymous_3)","decl":{"start":{"line":30,"column":4},"end":{"line":30,"column":8}},"loc":{"start":{"line":30,"column":33},"end":{"line":32,"column":5}}},"4":{"name":"(anonymous_4)","decl":{"start":{"line":34,"column":4},"end":{"line":34,"column":22}},"loc":{"start":{"line":34,"column":22},"end":{"line":36,"column":5}}},"5":{"name":"(anonymous_5)","decl":{"start":{"line":38,"column":4},"end":{"line":38,"column":27}},"loc":{"start":{"line":38,"column":27},"end":{"line":40,"column":5}}}},"branchMap":{"0":{"loc":{"start":{"line":22,"column":8},"end":{"line":24,"column":null}},"type":"if","locations":[{"start":{"line":22,"column":8},"end":{"line":24,"column":null}},{"start":{"line":22,"column":8},"end":{"line":24,"column":null}}]}},"s":{"0":5,"1":10,"2":10,"3":5,"4":5,"5":2,"6":3,"7":3,"8":3,"9":4,"10":1,"11":5,"12":4},"f":{"0":5,"1":10,"2":5,"3":4,"4":1,"5":5},"b":{"0":[2,3]}}
,"G:\\screep-dungeon\\src\\RoomManager\\index.ts": {"path":"G:\\screep-dungeon\\src\\RoomManager\\index.ts","statementMap":{"0":{"start":{"line":1,"column":0},"end":{"line":1,"column":51}},"1":{"start":{"line":7,"column":8},"end":{"line":7,"column":null}},"2":{"start":{"line":8,"column":8},"end":{"line":8,"column":null}},"3":{"start":{"line":3,"column":0},"end":{"line":3,"column":21}}},"fnMap":{"0":{"name":"(anonymous_0)","decl":{"start":{"line":6,"column":4},"end":{"line":6,"column":16}},"loc":{"start":{"line":6,"column":26},"end":{"line":9,"column":5}}},"1":{"name":"(anonymous_1)","decl":{"start":{"line":11,"column":4},"end":{"line":11,"column":7}},"loc":{"start":{"line":11,"column":7},"end":{"line":13,"column":5}}}},"branchMap":{},"s":{"0":3,"1":5,"2":5,"3":3},"f":{"0":5,"1":0},"b":{}}
,"G:\\screep-dungeon\\src\\RoomMaster\\index.ts": {"path":"G:\\screep-dungeon\\src\\RoomMaster\\index.ts","statementMap":{"0":{"start":{"line":1,"column":0},"end":{"line":1,"column":38}},"1":{"start":{"line":8,"column":8},"end":{"line":8,"column":31}},"2":{"start":{"line":9,"column":8},"end":{"line":11,"column":null}},"3":{"start":{"line":10,"column":12},"end":{"line":10,"column":72}},"4":{"start":{"line":15,"column":27},"end":{"line":15,"column":29}},"5":{"start":{"line":16,"column":8},"end":{"line":19,"column":null}},"6":{"start":{"line":17,"column":12},"end":{"line":17,"column":42}},"7":{"start":{"line":18,"column":12},"end":{"line":18,"column":55}},"8":{"start":{"line":20,"column":8},"end":{"line":20,"column":28}},"9":{"start":{"line":3,"column":0},"end":{"line":3,"column":21}}},"fnMap":{"0":{"name":"(anonymous_0)","decl":{"start":{"line":7,"column":4},"end":{"line":7,"column":null}},"loc":{"start":{"line":7,"column":4},"end":{"line":12,"column":5}}},"1":{"name":"(anonymous_1)","decl":{"start":{"line":14,"column":4},"end":{"line":14,"column":7}},"loc":{"start":{"line":14,"column":7},"end":{"line":21,"column":5}}}},"branchMap":{},"s":{"0":2,"1":2,"2":2,"3":4,"4":1,"5":1,"6":2,"7":2,"8":1,"9":2},"f":{"0":2,"1":1},"b":{}}
,"G:\\screep-dungeon\\src\\Squad\\GenericSquad.ts": {"path":"G:\\screep-dungeon\\src\\Squad\\GenericSquad.ts","statementMap":{"0":{"start":{"line":1,"column":0},"end":{"line":1,"column":38}},"1":{"start":{"line":10,"column":8},"end":{"line":10,"column":16}},"2":{"start":{"line":7,"column":4},"end":{"line":7,"column":30}},"3":{"start":{"line":11,"column":8},"end":{"line":11,"column":30}},"4":{"start":{"line":12,"column":8},"end":{"line":12,"column":39}},"5":{"start":{"line":13,"column":8},"end":{"line":13,"column":null}},"6":{"start":{"line":14,"column":8},"end":{"line":16,"column":null}},"7":{"start":{"line":15,"column":12},"end":{"line":15,"column":51}},"8":{"start":{"line":20,"column":23},"end":{"line":20,"column":45}},"9":{"start":{"line":21,"column":8},"end":{"line":23,"column":null}},"10":{"start":{"line":22,"column":12},"end":{"line":22,"column":44}},"11":{"start":{"line":24,"column":8},"end":{"line":24,"column":22}},"12":{"start":{"line":28,"column":8},"end":{"line":28,"column":39}},"13":{"start":{"line":32,"column":8},"end":{"line":38,"column":null}},"14":{"start":{"line":33,"column":26},"end":{"line":33,"column":48}},"15":{"start":{"line":34,"column":12},"end":{"line":37,"column":null}},"16":{"start":{"line":36,"column":16},"end":{"line":36,"column":25}},"17":{"start":{"line":42,"column":8},"end":{"line":45,"column":null}},"18":{"start":{"line":46,"column":8},"end":{"line":46,"column":45}},"19":{"start":{"line":47,"column":8},"end":{"line":47,"column":27}},"20":{"start":{"line":51,"column":8},"end":{"line":51,"column":34}},"21":{"start":{"line":55,"column":8},"end":{"line":55,"column":61}},"22":{"start":{"line":3,"column":0},"end":{"line":3,"column":13}}},"fnMap":{"0":{"name":"(anonymous_0)","decl":{"start":{"line":9,"column":4},"end":{"line":9,"column":16}},"loc":{"start":{"line":9,"column":49},"end":{"line":17,"column":5}}},"1":{"name":"(anonymous_1)","decl":{"start":{"line":19,"column":4},"end":{"line":19,"column":8}},"loc":{"start":{"line":19,"column":14},"end":{"line":25,"column":5}}},"2":{"name":"(anonymous_2)","decl":{"start":{"line":27,"column":4},"end":{"line":27,"column":8}},"loc":{"start":{"line":27,"column":33},"end":{"line":29,"column":5}}},"3":{"name":"(anonymous_3)","decl":{"start":{"line":31,"column":4},"end":{"line":31,"column":7}},"loc":{"start":{"line":31,"column":7},"end":{"line":39,"column":5}}},"4":{"name":"(anonymous_4)","decl":{"start":{"line":41,"column":4},"end":{"line":41,"column":21}},"loc":{"start":{"line":41,"column":21},"end":{"line":48,"column":5}}},"5":{"name":"(anonymous_5)","decl":{"start":{"line":50,"column":4},"end":{"line":50,"column":14}},"loc":{"start":{"line":50,"column":29},"end":{"line":52,"column":5}}},"6":{"name":"(anonymous_6)","decl":{"start":{"line":54,"column":4},"end":{"line":54,"column":17}},"loc":{"start":{"line":54,"column":32},"end":{"line":56,"column":5}}}},"branchMap":{"0":{"loc":{"start":{"line":21,"column":8},"end":{"line":23,"column":null}},"type":"if","locations":[{"start":{"line":21,"column":8},"end":{"line":23,"column":null}},{"start":{"line":21,"column":8},"end":{"line":23,"column":null}}]},"1":{"loc":{"start":{"line":34,"column":12},"end":{"line":37,"column":null}},"type":"if","locations":[{"start":{"line":34,"column":12},"end":{"line":37,"column":null}},{"start":{"line":34,"column":12},"end":{"line":37,"column":null}}]}},"s":{"0":2,"1":7,"2":7,"3":7,"4":7,"5":7,"6":7,"7":2,"8":4,"9":4,"10":1,"11":3,"12":2,"13":0,"14":0,"15":0,"16":0,"17":1,"18":1,"19":1,"20":2,"21":1,"22":2},"f":{"0":7,"1":4,"2":2,"3":0,"4":1,"5":2,"6":1},"b":{"0":[1,3],"1":[0,0]}}
,"G:\\screep-dungeon\\src\\Squad\\index.ts": {"path":"G:\\screep-dungeon\\src\\Squad\\index.ts","statementMap":{"0":{"start":{"line":1,"column":0},"end":{"line":1,"column":22}},"1":{"start":{"line":8,"column":0},"end":{"line":8,"column":9}},"2":{"start":{"line":8,"column":9},"end":{"line":8,"column":46}}},"fnMap":{"0":{"name":"(anonymous_0)","decl":{"start":{"line":8,"column":9},"end":{"line":8,"column":21}},"loc":{"start":{"line":8,"column":9},"end":{"line":8,"column":46}}}},"branchMap":{},"s":{"0":2,"1":2,"2":3},"f":{"0":1},"b":{}}
,"G:\\screep-dungeon\\src\\SquadSerializer\\SquadSerializer.ts": {"path":"G:\\screep-dungeon\\src\\SquadSerializer\\SquadSerializer.ts","statementMap":{"0":{"start":{"line":1,"column":0},"end":{"line":1,"column":36}},"1":{"start":{"line":12,"column":38},"end":{"line":17,"column":10}},"2":{"start":{"line":18,"column":8},"end":{"line":18,"column":22}},"3":{"start":{"line":23,"column":52},"end":{"line":23,"column":98}},"4":{"start":{"line":24,"column":8},"end":{"line":24,"column":32}},"5":{"start":{"line":25,"column":8},"end":{"line":25,"column":42}},"6":{"start":{"line":26,"column":8},"end":{"line":26,"column":25}},"7":{"start":{"line":10,"column":0},"end":{"line":10,"column":21}}},"fnMap":{"0":{"name":"(anonymous_0)","decl":{"start":{"line":11,"column":4},"end":{"line":11,"column":13}},"loc":{"start":{"line":11,"column":45},"end":{"line":19,"column":5}}},"1":{"name":"(anonymous_1)","decl":{"start":{"line":21,"column":4},"end":{"line":21,"column":15}},"loc":{"start":{"line":21,"column":38},"end":{"line":27,"column":5}}}},"branchMap":{},"s":{"0":1,"1":2,"2":2,"3":1,"4":1,"5":1,"6":1,"7":1},"f":{"0":2,"1":1},"b":{}}
}
