TN:
SF:src\main.ts
FN:45,(anonymous_0)
FN:46,(anonymous_1)
FNF:2
FNH:0
FNDA:0,(anonymous_0)
FNDA:0,(anonymous_1)
DA:1,0
DA:2,0
DA:3,0
DA:44,0
DA:45,0
DA:46,0
DA:47,0
DA:48,0
LF:8
LH:0
BRF:0
BRH:0
end_of_record
TN:
SF:src\DungeonMaster\index.ts
FN:7,(anonymous_0)
FN:12,(anonymous_1)
FNF:2
FNH:1
FNDA:2,(anonymous_0)
FNDA:0,(anonymous_1)
DA:1,1
DA:3,1
DA:8,2
DA:9,2
DA:13,0
DA:14,0
LF:6
LH:4
BRF:0
BRH:0
end_of_record
TN:
SF:src\MinionMaster\index.ts
FNF:0
FNH:0
DA:1,0
LF:1
LH:0
BRF:0
BRH:0
end_of_record
TN:
SF:src\RoomManager\RoomMemoryManager.ts
FN:5,isRoomMemory
FN:13,(anonymous_1)
FN:20,(anonymous_2)
FN:30,(anonymous_3)
FN:34,(anonymous_4)
FN:38,(anonymous_5)
FNF:6
FNH:6
FNDA:5,isRoomMemory
FNDA:10,(anonymous_1)
FNDA:5,(anonymous_2)
FNDA:4,(anonymous_3)
FNDA:1,(anonymous_4)
FNDA:5,(anonymous_5)
DA:6,5
DA:9,4
DA:14,10
DA:15,10
DA:21,5
DA:22,5
DA:23,2
DA:25,3
DA:26,3
DA:27,3
DA:31,4
DA:35,1
DA:39,5
LF:13
LH:13
BRDA:22,0,0,2
BRDA:22,0,1,3
BRF:2
BRH:2
end_of_record
TN:
SF:src\RoomManager\index.ts
FN:6,(anonymous_0)
FN:11,(anonymous_1)
FNF:2
FNH:1
FNDA:5,(anonymous_0)
FNDA:0,(anonymous_1)
DA:1,3
DA:3,3
DA:7,5
DA:8,5
LF:4
LH:4
BRF:0
BRH:0
end_of_record
TN:
SF:src\RoomMaster\index.ts
FN:7,(anonymous_0)
FN:14,(anonymous_1)
FNF:2
FNH:2
FNDA:2,(anonymous_0)
FNDA:1,(anonymous_1)
DA:1,2
DA:3,2
DA:8,2
DA:9,2
DA:10,4
DA:15,1
DA:16,1
DA:17,2
DA:18,2
DA:20,1
LF:10
LH:10
BRF:0
BRH:0
end_of_record
TN:
SF:src\Squad\GenericSquad.ts
FN:9,(anonymous_0)
FN:19,(anonymous_1)
FN:27,(anonymous_2)
FN:31,(anonymous_3)
FN:41,(anonymous_4)
FN:50,(anonymous_5)
FN:54,(anonymous_6)
FNF:7
FNH:6
FNDA:7,(anonymous_0)
FNDA:4,(anonymous_1)
FNDA:2,(anonymous_2)
FNDA:0,(anonymous_3)
FNDA:1,(anonymous_4)
FNDA:2,(anonymous_5)
FNDA:1,(anonymous_6)
DA:1,2
DA:3,2
DA:7,7
DA:10,7
DA:11,7
DA:12,7
DA:13,7
DA:14,7
DA:15,2
DA:20,4
DA:21,4
DA:22,1
DA:24,3
DA:28,2
DA:32,0
DA:33,0
DA:34,0
DA:36,0
DA:42,1
DA:46,1
DA:47,1
DA:51,2
DA:55,1
LF:23
LH:19
BRDA:21,0,0,1
BRDA:21,0,1,3
BRDA:34,1,0,0
BRDA:34,1,1,0
BRF:4
BRH:2
end_of_record
TN:
SF:src\Squad\index.ts
FN:8,(anonymous_0)
FNF:1
FNH:1
FNDA:1,(anonymous_0)
DA:1,2
DA:8,3
LF:2
LH:2
BRF:0
BRH:0
end_of_record
TN:
SF:src\SquadSerializer\SquadSerializer.ts
FN:11,(anonymous_0)
FN:21,(anonymous_1)
FNF:2
FNH:2
FNDA:2,(anonymous_0)
FNDA:1,(anonymous_1)
DA:1,1
DA:10,1
DA:12,2
DA:18,2
DA:23,1
DA:24,1
DA:25,1
DA:26,1
LF:8
LH:8
BRF:0
BRH:0
end_of_record
